<?xml version="1.0" encoding="UTF-8"?>
<!DOCTYPE coverage SYSTEM "http://cobertura.sourceforge.net/xml/coverage-04.dtd">
<coverage line-rate="1" branch-rate="0" lines-covered="7" lines-valid="7" branches-covered="0" branches-valid="0" complexity="0" version="" timestamp="1692420369258">
	<packages>
		<package name="github.com/narenvphp/go-test-coverage/size" line-rate="1" branch-rate="0" complexity="0" line-count="7" line-hits="7">
			<classes>
				<class name="-" filename="size/size.go" line-rate="1" branch-rate="0" complexity="0" line-count="7" line-hits="7">
					<methods>
						<method name="Size" signature="" line-rate="1" branch-rate="0" complexity="0" line-count="0" line-hits="0">
							<lines>
								<line number="4" hits="1"></line>
								<line number="6" hits="1"></line>
								<line number="8" hits="1"></line>
								<line number="10" hits="1"></line>
								<line number="12" hits="1"></line>
								<line number="14" hits="1"></line>
								<line number="16" hits="1"></line>
							</lines>
						</method>
					</methods>
					<lines>
						<line number="4" hits="1"></line>
						<line number="6" hits="1"></line>
						<line number="8" hits="1"></line>
						<line number="10" hits="1"></line>
						<line number="12" hits="1"></line>
						<line number="14" hits="1"></line>
						<line number="16" hits="1"></line>
					</lines>
				</class>
			</classes>
		</package>
	</packages>
	<sources>
		<source>/home/narendra/go/src/bitbucket.org/matchmove/go-test-coverage</source>
	</sources>
</coverage>
